d:\dev\game\aide\aide\x64\debug\vc143.pdb
d:\dev\game\aide\aide\x64\debug\vc143.idb
d:\dev\game\aide\aide\x64\debug\glad.obj
d:\dev\game\aide\aide\x64\debug\main.obj
d:\dev\game\aide\aide\x64\debug\window.obj
d:\dev\game\aide\aide\x64\debug\application.obj
d:\dev\game\aide\aide\x64\debug\logger.obj
d:\dev\game\aide\aide\x64\debug\utils.obj
d:\dev\game\aide\aide\x64\debug\shader.obj
d:\dev\game\aide\aide\x64\debug\resourcemanager.obj
d:\dev\game\aide\aide\x64\debug\game.obj
d:\dev\game\aide\aide\x64\debug\stb.obj
d:\dev\game\aide\aide\x64\debug\mesh.obj
d:\dev\game\aide\aide\x64\debug\model.obj
d:\dev\game\aide\aide\x64\debug\framebuffer.obj
d:\dev\game\aide\x64\debug\aide.exe
d:\dev\game\aide\aide\x64\debug\aide.ilk
d:\dev\game\aide\x64\debug\aide.pdb
d:\dev\game\aide\aide\x64\debug\aide.tlog\cl.command.1.tlog
d:\dev\game\aide\aide\x64\debug\aide.tlog\cl.items.tlog
d:\dev\game\aide\aide\x64\debug\aide.tlog\cl.read.1.tlog
d:\dev\game\aide\aide\x64\debug\aide.tlog\cl.write.1.tlog
d:\dev\game\aide\aide\x64\debug\aide.tlog\link.command.1.tlog
d:\dev\game\aide\aide\x64\debug\aide.tlog\link.read.1.tlog
d:\dev\game\aide\aide\x64\debug\aide.tlog\link.write.1.tlog
